<?xml version="1.0" encoding="UTF-8"?>
<!-- Generated by org.testng.reporters.JUnitReportReporter -->
<testsuite hostname="yutongs-MBP" failures="0" tests="1" name="com.example.AppTest" time="0.010" errors="0" timestamp="2024-08-26T17:10:51 CST" skipped="0">
  <testcase classname="com.example.AppTest" name="testApp" time="0.010"/>
</testsuite> <!-- com.example.AppTest -->
